     1                                 %line 1+1 add.asm
     2                                 [segment .data]
     3 00000000 0C00000000000000       a dq 12
     4 00000008 0A00000000000000       b dq 10
     5 00000010 0000000000000000       c dq 0
     6                                 
     7                                 [segment .text]
     8                                 [global main]
     9                                 main:
    10 00000000 55                      push rbp
    11 00000001 4889E5                  mov rbp,rsp
    12 00000004 4883EC10                sub rsp,16
    13                                 
    14 00000008 488B0425[00000000]      mov rax,[a]
    15 00000010 48030425[00000000]      add rax,[b]
    16 00000018 48890425[00000000]      mov [c],rax
    17 00000020 48C7C03C000000          mov rax,60
    18 00000027 4831C0                  xor rax,rax
    19 0000002A C3                      ret
    20                                 
